<?xml version="1.0" encoding="UTF-8"?>
<!-- Generated by org.testng.reporters.JUnitXMLReporter -->
<testsuite ignored="0" hostname="DESKTOP-CLI6E80" failures="0" tests="14" name="steimatzky test" time="390.241" errors="0" timestamp="2021-01-01T17:12:51 IST">
  <testcase classname="steimatzky.navi" name="sales" time="3.422"/>
  <testcase classname="steimatzky.navi" name="mCategorys" time="17.485"/>
  <testcase classname="steimatzky.navi" name="club" time="0.8"/>
  <testcase classname="steimatzky.navi" name="books_subCategory" time="281.21"/>
  <testcase classname="steimatzky.navi" name="English_Books_subCategory" time="9.605"/>
  <testcase classname="steimatzky.navi" name="games_subCategory" time="1.557"/>
  <testcase classname="steimatzky.navi" name="Gifts_and_leisure_subCategory" time="8.254"/>
  <testcase classname="steimatzky.navi" name="music_subCategory" time="8.239"/>
  <testcase classname="steimatzky.navi" name="Appliances_subCategory" time="4.003"/>
  <testcase classname="steimatzky.navi" name="Smartphones_subCategory" time="1.917"/>
  <testcase classname="steimatzky.navi" name="Cosmetics_and_perfumes_subCategory" time="2.942"/>
  <testcase classname="steimatzky.navi" name="HOME_subCategory" time="5.808"/>
  <testcase classname="steimatzky.navi" name="camping_subCategory" time="2.286"/>
  <testcase classname="steimatzky.navi" name="Costumers_club_subCategory" time="5.869"/>
</testsuite> <!-- steimatzky test -->
