<?xml version="1.0" encoding="UTF-8"?>
<!-- Generated by org.testng.reporters.JUnitXMLReporter -->
<testsuite ignored="13" hostname="DESKTOP-CLI6E80" failures="0" tests="1" name="steimatzky test" time="18.382" errors="0" timestamp="2021-01-03T10:15:50 IST">
  <testcase classname="steimatzky.navi" name="music_subCategory" time="8.002"/>
  <testcase classname="steimatzky.navi" name="HOME_subCategory" time="0.0">
    <ignored/>
  </testcase> <!-- HOME_subCategory -->
  <testcase classname="steimatzky.navi" name="camping_subCategory" time="0.0">
    <ignored/>
  </testcase> <!-- camping_subCategory -->
  <testcase classname="steimatzky.navi" name="mCategorys" time="0.0">
    <ignored/>
  </testcase> <!-- mCategorys -->
  <testcase classname="steimatzky.navi" name="club" time="0.0">
    <ignored/>
  </testcase> <!-- club -->
  <testcase classname="steimatzky.navi" name="Cosmetics_and_perfumes_subCategory" time="0.0">
    <ignored/>
  </testcase> <!-- Cosmetics_and_perfumes_subCategory -->
  <testcase classname="steimatzky.navi" name="Costumers_club_subCategory" time="0.0">
    <ignored/>
  </testcase> <!-- Costumers_club_subCategory -->
  <testcase classname="steimatzky.navi" name="games_subCategory" time="0.0">
    <ignored/>
  </testcase> <!-- games_subCategory -->
  <testcase classname="steimatzky.navi" name="English_Books_subCategory" time="0.0">
    <ignored/>
  </testcase> <!-- English_Books_subCategory -->
  <testcase classname="steimatzky.navi" name="Gifts_and_leisure_subCategory" time="0.0">
    <ignored/>
  </testcase> <!-- Gifts_and_leisure_subCategory -->
  <testcase classname="steimatzky.navi" name="Appliances_subCategory" time="0.0">
    <ignored/>
  </testcase> <!-- Appliances_subCategory -->
  <testcase classname="steimatzky.navi" name="books_subCategory" time="0.0">
    <ignored/>
  </testcase> <!-- books_subCategory -->
  <testcase classname="steimatzky.navi" name="sales" time="0.0">
    <ignored/>
  </testcase> <!-- sales -->
  <testcase classname="steimatzky.navi" name="Smartphones_subCategory" time="0.0">
    <ignored/>
  </testcase> <!-- Smartphones_subCategory -->
</testsuite> <!-- steimatzky test -->
