<?xml version="1.0" encoding="UTF-8"?>
<!-- Generated by org.testng.reporters.JUnitXMLReporter -->
<testsuite ignored="1" hostname="DESKTOP-CLI6E80" failures="0" tests="7" name="Default test" time="292.184" errors="0" timestamp="2021-01-04T15:45:45 IST">
  <testcase classname="steimatzky_search.search" name="ebooks" time="52.562"/>
  <testcase classname="steimatzky_search.search" name="games" time="56.65"/>
  <testcase classname="steimatzky_search.search" name="gift" time="24.246"/>
  <testcase classname="steimatzky_search.search" name="music" time="29.794"/>
  <testcase classname="steimatzky_search.search" name="ele" time="48.227"/>
  <testcase classname="steimatzky_search.search" name="cos" time="24.86"/>
  <testcase classname="steimatzky_search.search" name="home" time="48.6"/>
  <testcase classname="steimatzky_search.search" name="books" time="0.0">
    <ignored/>
  </testcase> <!-- books -->
</testsuite> <!-- Default test -->
