<?xml version="1.0" encoding="UTF-8"?>
<!-- Generated by org.testng.reporters.JUnitXMLReporter -->
<testsuite ignored="0" hostname="DESKTOP-CLI6E80" failures="0" tests="4" name="Default test" time="11.123" errors="0" timestamp="2020-12-27T22:54:18 IST">
  <testcase classname="CSS.css" name="test1" time="0.273"/>
  <testcase classname="CSS.css" name="test2" time="0.256"/>
  <testcase classname="CSS.css" name="test3" time="0.031"/>
  <testcase classname="CSS.css" name="test4" time="0.034"/>
</testsuite> <!-- Default test -->
