<?xml version="1.0" encoding="UTF-8"?>
<!-- Generated by org.testng.reporters.JUnitXMLReporter -->
<testsuite ignored="0" hostname="DESKTOP-CLI6E80" failures="0" tests="4" name="Ynet test" time="15.483" errors="0" timestamp="2020-12-23T21:49:06 IST">
  <testcase classname="CSS.css" name="test1" time="0.418"/>
  <testcase classname="CSS.css" name="test2" time="0.321"/>
  <testcase classname="CSS.css" name="test3" time="0.029"/>
  <testcase classname="CSS.css" name="test4" time="0.037"/>
</testsuite> <!-- Ynet test -->
