<?xml version="1.0" encoding="UTF-8"?>
<!-- Generated by org.testng.reporters.JUnitXMLReporter -->
<testsuite ignored="0" hostname="DESKTOP-CLI6E80" failures="0" tests="4" name="Ynet test" time="11.09" errors="0" timestamp="2020-12-26T20:42:04 IST">
  <testcase classname="CSS.css" name="test1" time="0.276"/>
  <testcase classname="CSS.css" name="test2" time="0.223"/>
  <testcase classname="CSS.css" name="test3" time="0.05"/>
  <testcase classname="CSS.css" name="test4" time="0.039"/>
</testsuite> <!-- Ynet test -->
