<?xml version="1.0" encoding="UTF-8"?>
<!-- Generated by org.testng.reporters.JUnitXMLReporter -->
<testsuite ignored="3" hostname="DESKTOP-CLI6E80" failures="0" tests="1" name="Chrome test" time="7.888" errors="0" timestamp="2020-12-23T20:05:23 IST">
  <testcase classname="testNG.t1" name="test1" time="0.079"/>
  <testcase classname="testNG.t1" name="test2" time="0.0">
    <ignored/>
  </testcase> <!-- test2 -->
  <testcase classname="testNG.t1" name="test4" time="0.0">
    <ignored/>
  </testcase> <!-- test4 -->
  <testcase classname="testNG.t1" name="test3" time="0.0">
    <ignored/>
  </testcase> <!-- test3 -->
</testsuite> <!-- Chrome test -->
