<?xml version="1.0" encoding="UTF-8"?>
<!-- Generated by org.testng.reporters.JUnitXMLReporter -->
<testsuite ignored="3" hostname="DESKTOP-CLI6E80" failures="0" tests="1" name="firefox test" time="7.421" errors="0" timestamp="2020-12-24T20:09:11 IST">
  <testcase classname="testNG.t1" name="test1" time="0.981"/>
  <testcase classname="testNG.t1" name="test2" time="0.0">
    <ignored/>
  </testcase> <!-- test2 -->
  <testcase classname="testNG.t1" name="test4" time="0.0">
    <ignored/>
  </testcase> <!-- test4 -->
  <testcase classname="testNG.t1" name="test3" time="0.0">
    <ignored/>
  </testcase> <!-- test3 -->
</testsuite> <!-- firefox test -->
