<?xml version="1.0" encoding="UTF-8"?>
<!-- Generated by org.testng.reporters.JUnitXMLReporter -->
<testsuite ignored="0" hostname="DESKTOP-CLI6E80" failures="0" tests="8" name="Test" time="513.687" errors="0" timestamp="2021-01-04T11:45:39 IST">
  <testcase classname="steimatzky_search.search" name="books" time="237.436"/>
  <testcase classname="steimatzky_search.search" name="ebooks" time="47.801"/>
  <testcase classname="steimatzky_search.search" name="cos" time="22.812"/>
  <testcase classname="steimatzky_search.search" name="ele" time="44.624"/>
  <testcase classname="steimatzky_search.search" name="games" time="55.071"/>
  <testcase classname="steimatzky_search.search" name="gift" time="23.899"/>
  <testcase classname="steimatzky_search.search" name="home" time="47.289"/>
  <testcase classname="steimatzky_search.search" name="music" time="27.985"/>
</testsuite> <!-- Test -->
