<?xml version="1.0" encoding="UTF-8"?>
<!-- Generated by org.testng.reporters.JUnitXMLReporter -->
<testsuite ignored="0" hostname="DESKTOP-CLI6E80" failures="0" tests="8" name="Product_search" time="521.381" errors="0" timestamp="2021-01-05T11:08:51 IST">
  <testcase classname="steimatzky_search.search" name="books" time="237.217"/>
  <testcase classname="steimatzky_search.search" name="English_Books" time="49.09"/>
  <testcase classname="steimatzky_search.search" name="Games_toys_and_puzzles" time="24.112"/>
  <testcase classname="steimatzky_search.search" name="Gifts_and_leisure" time="56.561"/>
  <testcase classname="steimatzky_search.search" name="music" time="27.81"/>
  <testcase classname="steimatzky_search.search" name="Appliances_and_smartphones" time="44.021"/>
  <testcase classname="steimatzky_search.search" name="Cosmetics_and_perfumes" time="24.745"/>
  <testcase classname="steimatzky_search.search" name="Home_and_camping" time="47.956"/>
</testsuite> <!-- Product_search -->
