<?xml version="1.0" encoding="UTF-8"?>
<!-- Generated by org.testng.reporters.JUnitXMLReporter -->
<testsuite ignored="0" hostname="DESKTOP-CLI6E80" failures="0" tests="8" name="Product_search" time="515.163" errors="0" timestamp="2021-01-04T15:57:54 IST">
  <testcase classname="steimatzky_search.search" name="books" time="234.837"/>
  <testcase classname="steimatzky_search.search" name="ebooks" time="47.258"/>
  <testcase classname="steimatzky_search.search" name="games" time="56.34"/>
  <testcase classname="steimatzky_search.search" name="gift" time="23.723"/>
  <testcase classname="steimatzky_search.search" name="music" time="27.83"/>
  <testcase classname="steimatzky_search.search" name="ele" time="45.714"/>
  <testcase classname="steimatzky_search.search" name="cos" time="23.156"/>
  <testcase classname="steimatzky_search.search" name="home" time="46.825"/>
</testsuite> <!-- Product_search -->
