<?xml version="1.0" encoding="UTF-8"?>
<testng-results ignored="0" total="1" passed="1" failed="0" skipped="0">
  <reporter-output>
  </reporter-output>
  <suite started-at="2021-01-08T12:41:22 IST" name="Default suite" finished-at="2021-01-08T12:42:56 IST" duration-ms="93721">
    <groups>
    </groups>
    <test started-at="2021-01-08T12:41:22 IST" name="Default test" finished-at="2021-01-08T12:42:56 IST" duration-ms="93721">
      <class name="test.search">
        <test-method is-config="true" signature="beforeClass()[pri:0, instance:test.search@2accdbb5]" started-at="2021-01-08T12:41:22 IST" name="beforeClass" finished-at="2021-01-08T12:41:29 IST" duration-ms="6851" status="PASS">
          <reporter-output>
          </reporter-output>
        </test-method> <!-- beforeClass -->
        <test-method signature="clean_search_field()[pri:1, instance:test.search@2accdbb5]" started-at="2021-01-08T12:41:29 IST" name="clean_search_field" finished-at="2021-01-08T12:42:56 IST" duration-ms="86820" status="PASS">
          <reporter-output>
          </reporter-output>
        </test-method> <!-- clean_search_field -->
        <test-method is-config="true" signature="afterClass()[pri:0, instance:test.search@2accdbb5]" started-at="2021-01-08T12:42:56 IST" name="afterClass" finished-at="2021-01-08T12:42:56 IST" duration-ms="32" status="PASS">
          <reporter-output>
          </reporter-output>
        </test-method> <!-- afterClass -->
      </class> <!-- test.search -->
    </test> <!-- Default test -->
  </suite> <!-- Default suite -->
</testng-results>
