<?xml version="1.0" encoding="UTF-8"?>
<testng-results ignored="0" total="4" passed="4" failed="0" skipped="0">
  <reporter-output>
  </reporter-output>
  <suite started-at="2020-12-27T22:58:17 IST" name="css test" finished-at="2020-12-27T22:58:31 IST" duration-ms="14295">
    <groups>
      <group name="img">
        <method signature="css.test3()[pri:0, instance:CSS.css@55b7a4e0]" name="test3" class="CSS.css"/>
      </group> <!-- img -->
      <group name="logo">
        <method signature="css.test4()[pri:0, instance:CSS.css@55b7a4e0]" name="test4" class="CSS.css"/>
      </group> <!-- logo -->
      <group name="credit">
        <method signature="css.test2()[pri:0, instance:CSS.css@55b7a4e0]" name="test2" class="CSS.css"/>
      </group> <!-- credit -->
      <group name="headline">
        <method signature="css.test1()[pri:0, instance:CSS.css@55b7a4e0]" name="test1" class="CSS.css"/>
      </group> <!-- headline -->
    </groups>
    <test started-at="2020-12-27T22:58:17 IST" name="Ynet test" finished-at="2020-12-27T22:58:31 IST" duration-ms="14295">
      <class name="CSS.css">
        <test-method is-config="true" signature="beforeClass()[pri:0, instance:CSS.css@55b7a4e0]" started-at="2020-12-27T22:58:17 IST" name="beforeClass" finished-at="2020-12-27T22:58:30 IST" duration-ms="13083" status="PASS">
          <reporter-output>
          </reporter-output>
        </test-method> <!-- beforeClass -->
        <test-method signature="test1()[pri:0, instance:CSS.css@55b7a4e0]" started-at="2020-12-27T22:58:30 IST" name="test1" finished-at="2020-12-27T22:58:30 IST" duration-ms="280" status="PASS">
          <reporter-output>
          </reporter-output>
        </test-method> <!-- test1 -->
        <test-method signature="test2()[pri:0, instance:CSS.css@55b7a4e0]" started-at="2020-12-27T22:58:30 IST" name="test2" finished-at="2020-12-27T22:58:30 IST" duration-ms="223" status="PASS">
          <reporter-output>
          </reporter-output>
        </test-method> <!-- test2 -->
        <test-method signature="test3()[pri:0, instance:CSS.css@55b7a4e0]" started-at="2020-12-27T22:58:30 IST" name="test3" finished-at="2020-12-27T22:58:30 IST" duration-ms="26" status="PASS">
          <reporter-output>
          </reporter-output>
        </test-method> <!-- test3 -->
        <test-method signature="test4()[pri:0, instance:CSS.css@55b7a4e0]" started-at="2020-12-27T22:58:30 IST" name="test4" finished-at="2020-12-27T22:58:30 IST" duration-ms="26" status="PASS">
          <reporter-output>
          </reporter-output>
        </test-method> <!-- test4 -->
        <test-method is-config="true" signature="afterClass()[pri:0, instance:CSS.css@55b7a4e0]" started-at="2020-12-27T22:58:30 IST" name="afterClass" finished-at="2020-12-27T22:58:31 IST" duration-ms="641" status="PASS">
          <reporter-output>
          </reporter-output>
        </test-method> <!-- afterClass -->
      </class> <!-- CSS.css -->
    </test> <!-- Ynet test -->
  </suite> <!-- css test -->
</testng-results>
